\BOOKMARK [0][-]{dummy.1}{\376\377\000A\000b\000s\000t\000r\000a\000c\000t}{}% 1
\BOOKMARK [0][-]{dummy.2}{\376\377\000A\000c\000k\000n\000o\000w\000l\000e\000d\000g\000e\000m\000e\000n\000t\000s}{}% 2
\BOOKMARK [0][-]{dummy.4}{\376\377\000L\000i\000s\000t\000\040\000o\000f\000\040\000F\000i\000g\000u\000r\000e\000s}{}% 3
\BOOKMARK [0][-]{dummy.6}{\376\377\000L\000i\000s\000t\000\040\000o\000f\000\040\000T\000a\000b\000l\000e\000s}{}% 4
\BOOKMARK [0][-]{chapter.8}{\376\377\0001\000\040\000I\000N\000T\000R\000O\000D\000U\000C\000T\000I\000O\000N}{}% 5
\BOOKMARK [1][-]{section.9}{\376\377\0001\000.\0001\000\040\000I\000n\000t\000r\000o\000d\000u\000c\000t\000i\000o\000n\000\040\000o\000f\000\040\000p\000r\000o\000j\000e\000c\000t\000\040}{chapter.8}% 6
\BOOKMARK [2][-]{subsection.10}{\376\377\0001\000.\0001\000.\0001\000\040\000S\000t\000u\000d\000e\000n\000t\000\040\000r\000e\000q\000u\000i\000r\000e\000m\000e\000n\000t\000s\000:\000\040}{section.9}% 7
\BOOKMARK [2][-]{subsection.11}{\376\377\0001\000.\0001\000.\0002\000\040\000T\000e\000a\000c\000h\000i\000n\000g\000\040\000S\000t\000a\000f\000f\000\040\000R\000e\000q\000u\000i\000r\000e\000m\000e\000n\000t\000s\000:\000\040}{section.9}% 8
\BOOKMARK [2][-]{subsection.12}{\376\377\0001\000.\0001\000.\0003\000\040\000A\000d\000m\000i\000n\000i\000s\000t\000r\000a\000t\000o\000r\000\040\000r\000e\000q\000u\000i\000r\000e\000m\000e\000n\000t\000s\000:\000\040}{section.9}% 9
\BOOKMARK [1][-]{section.13}{\376\377\0001\000.\0002\000\040\000\040\000I\000n\000\040\000o\000u\000r\000\040\000s\000y\000s\000t\000e\000m\000\040\000t\000h\000e\000\040\000s\000t\000e\000p\000s\000\040\000a\000r\000e\000:\000-}{chapter.8}% 10
\BOOKMARK [1][-]{section.14}{\376\377\0001\000.\0003\000\040\000A\000d\000v\000a\000n\000t\000a\000g\000e\000s\000:}{chapter.8}% 11
\BOOKMARK [1][-]{section.15}{\376\377\0001\000.\0004\000\040\000A\000p\000p\000l\000i\000c\000a\000t\000i\000o\000n\000:\000\040}{chapter.8}% 12
\BOOKMARK [2][-]{subsection.16}{\376\377\0001\000.\0004\000.\0001\000\040\000R\000e\000s\000i\000d\000e\000n\000t\000i\000a\000l\000\040\000U\000s\000e\000-}{section.15}% 13
\BOOKMARK [2][-]{subsection.17}{\376\377\0001\000.\0004\000.\0002\000\040\000V\000o\000t\000e\000r\000\040\000v\000e\000r\000i\000f\000i\000c\000a\000t\000i\000o\000n\000s\000-}{section.15}% 14
\BOOKMARK [2][-]{subsection.18}{\376\377\0001\000.\0004\000.\0003\000\040\000B\000a\000n\000k\000i\000n\000g\000\040\000u\000s\000i\000n\000g\000\040\000A\000T\000M\000-}{section.15}% 15
\BOOKMARK [2][-]{subsection.19}{\376\377\0001\000.\0004\000.\0004\000\040\000A\000i\000r\000p\000o\000r\000t\000\040\000S\000e\000c\000u\000r\000i\000t\000y\000-}{section.15}% 16
\BOOKMARK [2][-]{subsection.20}{\376\377\0001\000.\0004\000.\0005\000\040\000F\000i\000n\000a\000n\000c\000i\000a\000l\000\040\000U\000s\000e\000-}{section.15}% 17
\BOOKMARK [0][-]{chapter.21}{\376\377\0002\000\040\000L\000I\000T\000E\000R\000A\000T\000U\000R\000E\000\040\000R\000E\000V\000I\000E\000W\000\040}{}% 18
\BOOKMARK [1][-]{section.22}{\376\377\0002\000.\0001\000\040\000W\000o\000r\000k\000i\000n\000g\000\040\000o\000f\000\040\000E\000x\000i\000s\000t\000i\000n\000g\000\040\000S\000y\000s\000t\000e\000m\000:\000\040}{chapter.21}% 19
\BOOKMARK [2][-]{subsection.23}{\376\377\0002\000.\0001\000.\0001\000\040\000D\000i\000s\000a\000d\000v\000a\000n\000t\000a\000g\000e\000s\000\040\000o\000f\000\040\000P\000r\000e\000s\000e\000n\000t\000\040\000W\000o\000r\000k\000i\000n\000g\000\040\000S\000y\000s\000t\000e\000m\000:\000\040}{section.22}% 20
\BOOKMARK [1][-]{section.24}{\376\377\0002\000.\0002\000\040\000P\000r\000o\000p\000o\000s\000e\000d\000\040\000P\000l\000a\000n\000\040\000o\000f\000\040\000W\000o\000r\000k\000:\000\040}{chapter.21}% 21
\BOOKMARK [2][-]{subsection.25}{\376\377\0002\000.\0002\000.\0001\000\040\000C\000h\000a\000r\000a\000c\000t\000e\000r\000i\000s\000t\000i\000c\000s\000\040\000o\000f\000\040\000P\000r\000o\000p\000o\000s\000e\000d\000\040\000S\000y\000s\000t\000e\000m\000:}{section.24}% 22
\BOOKMARK [0][-]{chapter.26}{\376\377\0003\000\040\000O\000B\000J\000E\000C\000T\000I\000V\000E\000\040\000A\000N\000D\000\040\000S\000C\000O\000P\000E}{}% 23
\BOOKMARK [1][-]{section.27}{\376\377\0003\000.\0001\000\040\000P\000r\000o\000b\000l\000e\000m\000\040\000S\000t\000a\000t\000e\000m\000e\000n\000t\000:\000\040}{chapter.26}% 24
\BOOKMARK [1][-]{section.28}{\376\377\0003\000.\0002\000\040\000O\000b\000j\000e\000c\000t\000i\000v\000e\000:\000\040}{chapter.26}% 25
\BOOKMARK [1][-]{section.29}{\376\377\0003\000.\0003\000\040\000S\000c\000o\000p\000e\000:\000\040}{chapter.26}% 26
\BOOKMARK [1][-]{section.30}{\376\377\0003\000.\0004\000\040\000O\000u\000t\000\040\000o\000f\000\040\000S\000c\000o\000p\000e\000:\000\040}{chapter.26}% 27
\BOOKMARK [0][-]{chapter.31}{\376\377\0004\000\040\000R\000E\000Q\000U\000I\000R\000E\000M\000E\000N\000T\000\040\000A\000N\000A\000L\000Y\000S\000I\000S}{}% 28
\BOOKMARK [1][-]{section.32}{\376\377\0004\000.\0001\000\040\000S\000o\000f\000t\000w\000a\000r\000e\000\040\000R\000e\000q\000u\000i\000r\000e\000m\000e\000n\000t\000s\000:\000\040}{chapter.31}% 29
\BOOKMARK [2][-]{subsection.33}{\376\377\0004\000.\0001\000.\0001\000\040\000S\000o\000f\000t\000w\000a\000r\000e\000\040\000r\000e\000q\000u\000i\000r\000e\000m\000e\000n\000t\000\040\000w\000h\000i\000l\000e\000\040\000d\000e\000v\000e\000l\000o\000p\000i\000n\000g\000\040\000s\000y\000s\000t\000e\000m\000:\000\040}{section.32}% 30
\BOOKMARK [2][-]{subsection.34}{\376\377\0004\000.\0001\000.\0002\000\040\000S\000o\000f\000t\000w\000a\000r\000e\000\040\000r\000e\000q\000u\000i\000r\000e\000m\000e\000n\000t\000\040\000w\000h\000i\000l\000e\000\040\000u\000s\000i\000n\000g\000\040\000s\000y\000s\000t\000e\000m\000:\000\040}{section.32}% 31
\BOOKMARK [1][-]{section.35}{\376\377\0004\000.\0002\000\040\000H\000a\000r\000d\000w\000a\000r\000e\000\040\000R\000e\000q\000u\000i\000r\000e\000m\000e\000n\000t\000s\000:\000\040}{chapter.31}% 32
\BOOKMARK [2][-]{subsection.36}{\376\377\0004\000.\0002\000.\0001\000\040\000H\000a\000r\000d\000w\000a\000r\000e\000\040\000r\000e\000q\000u\000i\000r\000e\000m\000e\000n\000t\000\040\000w\000h\000i\000l\000e\000\040\000d\000e\000v\000e\000l\000o\000p\000i\000n\000g\000\040\000s\000y\000s\000t\000e\000m\000:\000\040}{section.35}% 33
\BOOKMARK [2][-]{subsection.37}{\376\377\0004\000.\0002\000.\0002\000\040\000H\000a\000r\000d\000w\000a\000r\000e\000\040\000r\000e\000q\000u\000i\000r\000e\000m\000e\000n\000t\000\040\000w\000h\000i\000l\000e\000\040\000u\000s\000i\000n\000g\000\040\000s\000y\000s\000t\000e\000m\000:\000\040}{section.35}% 34
\BOOKMARK [1][-]{section.38}{\376\377\0004\000.\0003\000\040\000R\000e\000q\000u\000i\000r\000e\000d\000\040\000s\000o\000f\000t\000w\000a\000r\000e\000s\000:\000\040}{chapter.31}% 35
\BOOKMARK [2][-]{subsection.39}{\376\377\0004\000.\0003\000.\0001\000\040\000A\000n\000d\000r\000o\000i\000d\000\040\000O\000p\000e\000r\000a\000t\000i\000n\000g\000\040\000S\000y\000s\000t\000e\000m\000:\000\040}{section.38}% 36
\BOOKMARK [2][-]{subsection.40}{\376\377\0004\000.\0003\000.\0002\000\040\000E\000c\000l\000i\000p\000s\000e\000:\000\040}{section.38}% 37
\BOOKMARK [2][-]{subsection.41}{\376\377\0004\000.\0003\000.\0003\000\040\000J\000D\000K\000\040\000:}{section.38}% 38
\BOOKMARK [2][-]{subsection.42}{\376\377\0004\000.\0003\000.\0004\000\040\000S\000D\000K\000:\000\040}{section.38}% 39
\BOOKMARK [2][-]{subsection.43}{\376\377\0004\000.\0003\000.\0005\000\040\000P\000H\000P\000\040\000:}{section.38}% 40
\BOOKMARK [0][-]{chapter.44}{\376\377\0005\000\040\000S\000Y\000S\000T\000E\000M\000\040\000D\000E\000S\000I\000G\000N}{}% 41
\BOOKMARK [1][-]{section.45}{\376\377\0005\000.\0001\000\040\000M\000o\000d\000u\000l\000e\000:\000\040}{chapter.44}% 42
\BOOKMARK [2][-]{subsection.46}{\376\377\0005\000.\0001\000.\0001\000\040\000R\000e\000g\000i\000s\000t\000e\000r\000\040\000S\000t\000u\000d\000e\000n\000t\000:\000\040}{section.45}% 43
\BOOKMARK [2][-]{subsection.47}{\376\377\0005\000.\0001\000.\0002\000\040\000L\000o\000g\000i\000n\000\040\000S\000t\000u\000d\000e\000n\000t\000:\000\040}{section.45}% 44
\BOOKMARK [2][-]{subsection.48}{\376\377\0005\000.\0001\000.\0003\000\040\000A\000u\000t\000h\000e\000n\000t\000i\000c\000a\000t\000i\000o\000n\000:\000\040}{section.45}% 45
\BOOKMARK [2][-]{subsection.49}{\376\377\0005\000.\0001\000.\0004\000\040\000M\000a\000r\000k\000\040\000A\000t\000t\000e\000n\000d\000a\000n\000c\000e\000:\000\040}{section.45}% 46
\BOOKMARK [2][-]{subsection.50}{\376\377\0005\000.\0001\000.\0005\000\040\000G\000e\000t\000\040\000R\000e\000p\000o\000r\000t\000:\000\040}{section.45}% 47
\BOOKMARK [1][-]{section.51}{\376\377\0005\000.\0002\000\040\000A\000n\000\040\000O\000v\000e\000r\000v\000i\000e\000w\000\040\000o\000f\000\040\000U\000M\000L\000:\000\040}{chapter.44}% 48
\BOOKMARK [1][-]{section.52}{\376\377\0005\000.\0003\000\040\000G\000o\000a\000l\000s\000\040\000o\000f\000\040\000U\000M\000L\000:\000\040}{chapter.44}% 49
\BOOKMARK [1][-]{section.53}{\376\377\0005\000.\0004\000\040\000A\000\040\000C\000o\000n\000c\000e\000p\000t\000u\000a\000l\000\040\000M\000o\000d\000e\000l\000\040\000o\000f\000\040\000U\000M\000L\000:\000\040}{chapter.44}% 50
\BOOKMARK [2][-]{subsection.54}{\376\377\0005\000.\0004\000.\0001\000\040\000B\000u\000i\000l\000d\000i\000n\000g\000\040\000B\000l\000o\000c\000k\000s\000\040\000o\000f\000\040\000U\000M\000L\000:\000\040}{section.53}% 51
\BOOKMARK [1][-]{section.55}{\376\377\0005\000.\0005\000\040\000D\000i\000a\000g\000r\000a\000m\000s\000\040\000i\000n\000\040\000U\000M\000L\000:\000\040}{chapter.44}% 52
\BOOKMARK [1][-]{section.56}{\376\377\0005\000.\0006\000\040\000U\000s\000e\000\040\000C\000a\000s\000e\000\040\000D\000i\000a\000g\000r\000a\000m\000:\000\040}{chapter.44}% 53
\BOOKMARK [2][-]{subsection.57}{\376\377\0005\000.\0006\000.\0001\000\040\000D\000e\000s\000c\000r\000i\000p\000t\000i\000o\000n\000:}{section.56}% 54
\BOOKMARK [3][-]{subsubsection.58}{\376\377\0005\000.\0006\000.\0001\000.\0001\000\040\000C\000o\000n\000t\000e\000n\000t\000s\000\040}{subsection.57}% 55
\BOOKMARK [2][-]{subsection.62}{\376\377\0005\000.\0006\000.\0002\000\040\000U\000s\000e\000-\000C\000a\000s\000e\000\040\000S\000c\000e\000n\000a\000r\000i\000o\000:}{section.56}% 56
\BOOKMARK [1][-]{section.64}{\376\377\0005\000.\0007\000\040\000S\000e\000q\000u\000e\000n\000c\000e\000\040\000D\000i\000a\000g\000r\000a\000m\000:\000\040}{chapter.44}% 57
\BOOKMARK [2][-]{subsection.65}{\376\377\0005\000.\0007\000.\0001\000\040\000C\000o\000n\000t\000e\000n\000t\000s\000:\000\040}{section.64}% 58
\BOOKMARK [2][-]{subsection.66}{\376\377\0005\000.\0007\000.\0002\000\040\000D\000e\000s\000c\000r\000i\000p\000t\000i\000o\000n\000:}{section.64}% 59
\BOOKMARK [1][-]{section.71}{\376\377\0005\000.\0008\000\040\000C\000l\000a\000s\000s\000\040\000D\000i\000a\000g\000r\000a\000m\000:\000\040}{chapter.44}% 60
\BOOKMARK [2][-]{subsection.72}{\376\377\0005\000.\0008\000.\0001\000\040\000C\000o\000n\000t\000e\000n\000t\000s\000:\000\040}{section.71}% 61
\BOOKMARK [2][-]{subsection.73}{\376\377\0005\000.\0008\000.\0002\000\040\000D\000e\000f\000i\000n\000i\000t\000i\000o\000n\000\040\000a\000n\000d\000\040\000C\000o\000m\000m\000o\000n\000\040\000U\000s\000e\000s\000:}{section.71}% 62
\BOOKMARK [2][-]{subsection.74}{\376\377\0005\000.\0008\000.\0003\000\040\000D\000e\000s\000c\000r\000i\000p\000t\000i\000o\000n\000:}{section.71}% 63
\BOOKMARK [1][-]{section.76}{\376\377\0005\000.\0009\000\040\000D\000e\000p\000l\000o\000y\000m\000e\000n\000t\000\040\000D\000i\000a\000g\000r\000a\000m\000:\000\040}{chapter.44}% 64
\BOOKMARK [2][-]{subsection.77}{\376\377\0005\000.\0009\000.\0001\000\040\000D\000e\000f\000i\000n\000i\000t\000i\000o\000n\000:\000\040}{section.76}% 65
\BOOKMARK [0][-]{chapter.79}{\376\377\0006\000\040\000C\000O\000D\000I\000N\000G}{}% 66
\BOOKMARK [1][-]{section.80}{\376\377\0006\000.\0001\000\040\000C\000o\000l\000l\000e\000g\000e\000\040\000F\000o\000r\000m\000:}{chapter.79}% 67
\BOOKMARK [1][-]{section.141}{\376\377\0006\000.\0002\000\040\000M\000u\000l\000t\000i\000O\000p\000t\000i\000o\000n\000\040\000F\000o\000r\000m\000:}{chapter.79}% 68
\BOOKMARK [1][-]{section.164}{\376\377\0006\000.\0003\000\040\000R\000e\000g\000i\000s\000t\000e\000r\000\040\000f\000o\000r\000m\000:}{chapter.79}% 69
\BOOKMARK [1][-]{section.240}{\376\377\0006\000.\0004\000\040\000L\000o\000g\000i\000n\000:}{chapter.79}% 70
\BOOKMARK [1][-]{section.274}{\376\377\0006\000.\0005\000\040\000F\000a\000c\000e\000\040\000D\000e\000t\000e\000c\000t\000i\000o\000n\000\040\000A\000c\000t\000i\000v\000i\000t\000y\000:}{chapter.79}% 71
\BOOKMARK [1][-]{section.301}{\376\377\0006\000.\0006\000\040\000G\000e\000t\000\040\000R\000e\000p\000o\000r\000t\000:}{chapter.79}% 72
\BOOKMARK [0][-]{chapter.318}{\376\377\0007\000\040\000T\000E\000S\000T\000I\000N\000G}{}% 73
\BOOKMARK [1][-]{section.319}{\376\377\0007\000.\0001\000\040\000W\000h\000a\000t\000\040\000i\000s\000\040\000S\000o\000f\000t\000w\000a\000r\000e\000\040\000T\000e\000s\000t\000i\000n\000g\000:\000\040}{chapter.318}% 74
\BOOKMARK [1][-]{section.320}{\376\377\0007\000.\0002\000\040\000T\000e\000s\000t\000\040\000m\000e\000t\000h\000o\000d\000s\000:\000\040}{chapter.318}% 75
\BOOKMARK [2][-]{subsection.321}{\376\377\0007\000.\0002\000.\0001\000\040\000B\000l\000a\000c\000k\000\040\000b\000o\000x\000\040\000t\000e\000s\000t\000i\000n\000g\000:\000\040}{section.320}% 76
\BOOKMARK [2][-]{subsection.322}{\376\377\0007\000.\0002\000.\0002\000\040\000W\000h\000i\000t\000e\000\040\000B\000o\000x\000\040\000T\000e\000s\000t\000i\000n\000g\000:\000\040}{section.320}% 77
\BOOKMARK [1][-]{section.323}{\376\377\0007\000.\0003\000\040\000T\000e\000s\000t\000\040\000c\000a\000s\000e\000s\000\040\000a\000n\000d\000\040\000T\000e\000s\000t\000\040\000d\000a\000t\000a\000:\000\040}{chapter.318}% 78
\BOOKMARK [0][-]{chapter.325}{\376\377\0008\000\040\000D\000E\000P\000L\000O\000Y\000M\000E\000N\000T}{}% 79
\BOOKMARK [1][-]{section.326}{\376\377\0008\000.\0001\000\040\000W\000e\000l\000c\000o\000m\000e\000\040\000f\000o\000r\000m\000:}{chapter.325}% 80
\BOOKMARK [1][-]{section.328}{\376\377\0008\000.\0002\000\040\000C\000o\000l\000l\000e\000g\000e\000\040\000I\000D\000\040\000F\000o\000r\000m}{chapter.325}% 81
\BOOKMARK [1][-]{section.330}{\376\377\0008\000.\0003\000\040\000A\000u\000t\000h\000e\000n\000t\000i\000c\000a\000t\000i\000o\000n\000\040\000F\000o\000r\000m}{chapter.325}% 82
\BOOKMARK [1][-]{section.332}{\376\377\0008\000.\0004\000\040\000T\000e\000a\000c\000h\000e\000r\000\040\000L\000o\000g\000i\000n\000-\0001}{chapter.325}% 83
\BOOKMARK [1][-]{section.334}{\376\377\0008\000.\0005\000\040\000T\000e\000a\000c\000h\000e\000r\000\040\000L\000o\000g\000i\000n\000-\0002}{chapter.325}% 84
\BOOKMARK [1][-]{section.336}{\376\377\0008\000.\0006\000\040\000S\000t\000u\000d\000e\000n\000t\000\040\000M\000o\000d\000u\000l\000e}{chapter.325}% 85
\BOOKMARK [1][-]{section.338}{\376\377\0008\000.\0007\000\040\000S\000t\000u\000d\000e\000n\000t\000\040\000R\000e\000g\000i\000s\000t\000r\000a\000t\000i\000o\000n\000\040\000F\000o\000r\000m}{chapter.325}% 86
\BOOKMARK [1][-]{section.340}{\376\377\0008\000.\0008\000\040\000S\000t\000u\000d\000e\000n\000t\000\040\000L\000o\000g\000i\000n\000\040\000F\000o\000r\000m}{chapter.325}% 87
\BOOKMARK [1][-]{section.342}{\376\377\0008\000.\0009\000\040\000S\000t\000u\000d\000e\000n\000t\000\040\000L\000o\000g\000i\000n\000\040\000F\000o\000r\000m\000-\0001}{chapter.325}% 88
\BOOKMARK [1][-]{section.344}{\376\377\0008\000.\0001\0000\000\040\000F\000a\000c\000e\000\040\000D\000e\000t\000e\000c\000t\000i\000o\000n}{chapter.325}% 89
\BOOKMARK [1][-]{section.346}{\376\377\0008\000.\0001\0001\000\040\000F\000a\000c\000e\000\040\000R\000e\000c\000o\000g\000n\000i\000t\000i\000o\000n\000-\0001}{chapter.325}% 90
\BOOKMARK [1][-]{section.348}{\376\377\0008\000.\0001\0002\000\040\000F\000a\000c\000e\000\040\000R\000e\000c\000o\000g\000n\000i\000t\000i\000o\000n\000-\0002}{chapter.325}% 91
\BOOKMARK [1][-]{section.350}{\376\377\0008\000.\0001\0003\000\040\000A\000t\000t\000e\000n\000d\000a\000n\000c\000e\000\040\000S\000h\000e\000e\000t}{chapter.325}% 92
\BOOKMARK [1][-]{section.352}{\376\377\0008\000.\0001\0004\000\040\000G\000e\000t\000\040\000R\000e\000p\000o\000r\000t}{chapter.325}% 93
\BOOKMARK [0][-]{chapter.354}{\376\377\0009\000\040\000C\000O\000N\000C\000L\000U\000S\000I\000O\000N}{}% 94
\BOOKMARK [1][-]{section.355}{\376\377\0009\000.\0001\000\040\000C\000o\000n\000c\000l\000u\000s\000i\000o\000n\000:\000\040}{chapter.354}% 95
\BOOKMARK [0][-]{dummy.356}{\376\377\000B\000i\000b\000l\000i\000o\000g\000r\000a\000p\000h\000y}{}% 96
