This is pdfTeX, Version 3.1415926-1.40.11 (MiKTeX 2.9) (preloaded format=pdflatex 2015.1.10)  19 APR 2015 10:29
entering extended mode
**C:/Users/PRITIDEVI/Desktop/Attendance*Monitoring*System/Thesis.tex
("C:/Users/PRITIDEVI/Desktop/Attendance Monitoring System/Thesis.tex"
LaTeX2e <2009/09/24>
Babel <v3.8l> and hyphenation patterns for english, afrikaans, ancientgreek, ar
abic, armenian, assamese, basque, bengali, bokmal, bulgarian, catalan, coptic, 
croatian, czech, danish, dutch, esperanto, estonian, farsi, finnish, french, ga
lician, german, german-x-2009-06-19, greek, gujarati, hindi, hungarian, iceland
ic, indonesian, interlingua, irish, italian, kannada, kurmanji, lao, latin, lat
vian, lithuanian, malayalam, marathi, mongolian, mongolianlmc, monogreek, ngerm
an, ngerman-x-2009-06-19, nynorsk, oriya, panjabi, pinyin, polish, portuguese, 
romanian, russian, sanskrit, serbian, slovak, slovenian, spanish, swedish, swis
sgerman, tamil, telugu, turkish, turkmen, ukenglish, ukrainian, uppersorbian, u
senglishmax, welsh, loaded.
("C:\Users\PRITIDEVI\Desktop\Attendance Monitoring System\Thesis.cls"
Document Class: Thesis 2007/22/02 v1.0 LaTeX document class
("C:\Program Files\MiKTeX 2.9\tex\latex\base\book.cls"
Document Class: book 2007/10/19 v1.4h Standard LaTeX document class
("C:\Program Files\MiKTeX 2.9\tex\latex\base\bk11.clo"
File: bk11.clo 2007/10/19 v1.4h Standard LaTeX file (size option)
)
\c@part=\count79
\c@chapter=\count80
\c@section=\count81
\c@subsection=\count82
\c@subsubsection=\count83
\c@paragraph=\count84
\c@subparagraph=\count85
\c@figure=\count86
\c@table=\count87
\abovecaptionskip=\skip41
\belowcaptionskip=\skip42
\bibindent=\dimen102
)
("C:\Program Files\MiKTeX 2.9\tex\latex\setspace\setspace.sty"
Package: setspace 2011/12/19 v6.7a set line spacing
)
(C:\Users\PRITIDEVI\AppData\Roaming\MiKTeX\2.9\tex\latex\vmargin\vmargin.sty
Package: vmargin 2004/07/15 V2.5 set document margins (VK)

Package: vmargin 2004/07/15 V2.5 set document margins (VK)
\PaperWidth=\dimen103
\PaperHeight=\dimen104
)
(C:\Users\PRITIDEVI\AppData\Roaming\MiKTeX\2.9\tex\latex\fancyhdr\fancyhdr.sty
\fancy@headwidth=\skip43
\f@ncyO@elh=\skip44
\f@ncyO@erh=\skip45
\f@ncyO@olh=\skip46
\f@ncyO@orh=\skip47
\f@ncyO@elf=\skip48
\f@ncyO@erf=\skip49
\f@ncyO@olf=\skip50
\f@ncyO@orf=\skip51
) ("C:\Program Files\MiKTeX 2.9\tex\latex\ams\math\amsmath.sty"
Package: amsmath 2000/07/18 v2.13 AMS math features
\@mathmargin=\skip52

For additional information on amsmath, use the `?' option.
("C:\Program Files\MiKTeX 2.9\tex\latex\ams\math\amstext.sty"
Package: amstext 2000/06/29 v2.01

("C:\Program Files\MiKTeX 2.9\tex\latex\ams\math\amsgen.sty"
File: amsgen.sty 1999/11/30 v2.0
\@emptytoks=\toks14
\ex@=\dimen105
))
("C:\Program Files\MiKTeX 2.9\tex\latex\ams\math\amsbsy.sty"
Package: amsbsy 1999/11/29 v1.2d
\pmbraise@=\dimen106
)
("C:\Program Files\MiKTeX 2.9\tex\latex\ams\math\amsopn.sty"
Package: amsopn 1999/12/14 v2.01 operator names
)
\inf@bad=\count88
LaTeX Info: Redefining \frac on input line 211.
\uproot@=\count89
\leftroot@=\count90
LaTeX Info: Redefining \overline on input line 307.
\classnum@=\count91
\DOTSCASE@=\count92
LaTeX Info: Redefining \ldots on input line 379.
LaTeX Info: Redefining \dots on input line 382.
LaTeX Info: Redefining \cdots on input line 467.
\Mathstrutbox@=\box26
\strutbox@=\box27
\big@size=\dimen107
LaTeX Font Info:    Redeclaring font encoding OML on input line 567.
LaTeX Font Info:    Redeclaring font encoding OMS on input line 568.
\macc@depth=\count93
\c@MaxMatrixCols=\count94
\dotsspace@=\muskip10
\c@parentequation=\count95
\dspbrk@lvl=\count96
\tag@help=\toks15
\row@=\count97
\column@=\count98
\maxfields@=\count99
\andhelp@=\toks16
\eqnshift@=\dimen108
\alignsep@=\dimen109
\tagshift@=\dimen110
\tagwidth@=\dimen111
\totwidth@=\dimen112
\lineht@=\dimen113
\@envbody=\toks17
\multlinegap=\skip53
\multlinetaggap=\skip54
\mathdisplay@stack=\toks18
LaTeX Info: Redefining \[ on input line 2666.
LaTeX Info: Redefining \] on input line 2667.
)
("C:\Program Files\MiKTeX 2.9\tex\latex\amsfonts\amsfonts.sty"
Package: amsfonts 2009/06/22 v3.00 Basic AMSFonts support
\symAMSa=\mathgroup4
\symAMSb=\mathgroup5
LaTeX Font Info:    Overwriting math alphabet `\mathfrak' in version `bold'
(Font)                  U/euf/m/n --> U/euf/b/n on input line 96.
)
("C:\Program Files\MiKTeX 2.9\tex\latex\amsfonts\amssymb.sty"
Package: amssymb 2009/06/22 v3.00
)
("C:\Program Files\MiKTeX 2.9\tex\latex\ams\math\amscd.sty"
Package: amscd 1999/11/29 v2.0
\athelp@=\toks19
\minaw@=\dimen114
\bigaw@=\dimen115
\minCDarrowwidth=\dimen116
)
("C:\Program Files\MiKTeX 2.9\tex\latex\ams\classes\amsthm.sty"
Package: amsthm 2004/08/06 v2.20
\thm@style=\toks20
\thm@bodyfont=\toks21
\thm@headfont=\toks22
\thm@notefont=\toks23
\thm@headpunct=\toks24
\thm@preskip=\skip55
\thm@postskip=\skip56
\thm@headsep=\skip57
\dth@everypar=\toks25
)
("C:\Program Files\MiKTeX 2.9\tex\latex\tools\xspace.sty"
Package: xspace 2006/05/08 v1.12 Space after command names (DPC,MH)
)
\c@example=\count100
\c@theorem=\count101

(C:\Users\PRITIDEVI\AppData\Roaming\MiKTeX\2.9\tex\latex\caption\caption.sty
Package: caption 2013/05/02 v3.3-89 Customizing captions (AR)

(C:\Users\PRITIDEVI\AppData\Roaming\MiKTeX\2.9\tex\latex\caption\caption3.sty
Package: caption3 2013/05/02 v1.6-88 caption3 kernel (AR)
Package caption3 Info: TeX engine: e-TeX on input line 57.

("C:\Program Files\MiKTeX 2.9\tex\latex\graphics\keyval.sty"
Package: keyval 1999/03/16 v1.13 key=value parser (DPC)
\KV@toks@=\toks26
)
\captionmargin=\dimen117
\captionmargin@=\dimen118
\captionwidth=\dimen119
\caption@tempdima=\dimen120
\caption@indent=\dimen121
\caption@parindent=\dimen122
\caption@hangindent=\dimen123
)
\c@ContinuedFloat=\count102
)
("C:\Program Files\MiKTeX 2.9\tex\latex\graphics\graphicx.sty"
Package: graphicx 1999/02/16 v1.0f Enhanced LaTeX Graphics (DPC,SPQR)

("C:\Program Files\MiKTeX 2.9\tex\latex\graphics\graphics.sty"
Package: graphics 2009/02/05 v1.0o Standard LaTeX Graphics (DPC,SPQR)

("C:\Program Files\MiKTeX 2.9\tex\latex\graphics\trig.sty"
Package: trig 1999/03/16 v1.09 sin cos tan (DPC)
)
("C:\Program Files\MiKTeX 2.9\tex\latex\00miktex\graphics.cfg"
File: graphics.cfg 2007/01/18 v1.5 graphics configuration of teTeX/TeXLive
)
Package graphics Info: Driver file: pdftex.def on input line 91.

("C:\Program Files\MiKTeX 2.9\tex\latex\pdftex-def\pdftex.def"
File: pdftex.def 2011/04/25 v0.06b Graphics/color for pdfTeX

("C:\Program Files\MiKTeX 2.9\tex\generic\oberdiek\infwarerr.sty"
Package: infwarerr 2010/04/08 v1.3 Providing info/warning/message (HO)
)
("C:\Program Files\MiKTeX 2.9\tex\generic\oberdiek\ltxcmds.sty"
Package: ltxcmds 2011/04/18 v1.20 LaTeX kernel commands for general use (HO)
)
\Gread@gobject=\count103
))
\Gin@req@height=\dimen124
\Gin@req@width=\dimen125
)
("C:\Program Files\MiKTeX 2.9\tex\latex\oberdiek\epstopdf.sty"
Package: epstopdf 2010/02/09 v2.5 Conversion with epstopdf on the fly (HO)

("C:\Program Files\MiKTeX 2.9\tex\latex\oberdiek\epstopdf-base.sty"
Package: epstopdf-base 2010/02/09 v2.5 Base part for package epstopdf

("C:\Program Files\MiKTeX 2.9\tex\latex\oberdiek\grfext.sty"
Package: grfext 2010/08/19 v1.1 Managing graphics extensions (HO)

("C:\Program Files\MiKTeX 2.9\tex\generic\oberdiek\kvdefinekeys.sty"
Package: kvdefinekeys 2011/04/07 v1.3 Defining keys (HO)
))
("C:\Program Files\MiKTeX 2.9\tex\latex\oberdiek\kvoptions.sty"
Package: kvoptions 2010/12/23 v3.10 Keyval support for LaTeX options (HO)

("C:\Program Files\MiKTeX 2.9\tex\generic\oberdiek\kvsetkeys.sty"
Package: kvsetkeys 2011/04/07 v1.13 Key value parser (HO)

("C:\Program Files\MiKTeX 2.9\tex\generic\oberdiek\etexcmds.sty"
Package: etexcmds 2011/02/16 v1.5 Prefix for e-TeX command names (HO)

("C:\Program Files\MiKTeX 2.9\tex\generic\oberdiek\ifluatex.sty"
Package: ifluatex 2010/03/01 v1.3 Provides the ifluatex switch (HO)
Package ifluatex Info: LuaTeX not detected.
)
Package etexcmds Info: Could not find \expanded.
(etexcmds)             That can mean that you are not using pdfTeX 1.50 or
(etexcmds)             that some package has redefined \expanded.
(etexcmds)             In the latter case, load this package earlier.
)))
("C:\Program Files\MiKTeX 2.9\tex\generic\oberdiek\pdftexcmds.sty"
Package: pdftexcmds 2011/04/22 v0.16 Utilities of pdfTeX for LuaTeX (HO)

("C:\Program Files\MiKTeX 2.9\tex\generic\oberdiek\ifpdf.sty"
Package: ifpdf 2011/01/30 v2.3 Provides the ifpdf switch (HO)
Package ifpdf Info: pdfTeX in PDF mode is detected.
)
Package pdftexcmds Info: LuaTeX not detected.
Package pdftexcmds Info: \pdf@primitive is available.
Package pdftexcmds Info: \pdf@ifprimitive is available.
Package pdftexcmds Info: \pdfdraftmode found.
)
Package grfext Info: Graphics extension search list:
(grfext)             [.png,.pdf,.jpg,.mps,.jpeg,.jbig2,.jb2,.PNG,.PDF,.JPG,.JPE
G,.JBIG2,.JB2,.eps]
(grfext)             \AppendGraphicsExtensions on input line 452.
))
(C:\Users\PRITIDEVI\AppData\Roaming\MiKTeX\2.9\tex\latex\subfigure\subfigure.st
y
Package: subfigure 2002/07/30 v2.1.4 subfigure package
\subfigtopskip=\skip58
\subfigcapskip=\skip59
\subfigcaptopadj=\dimen126
\subfigbottomskip=\skip60
\subfigcapmargin=\dimen127
\subfiglabelskip=\skip61
\c@subfigure=\count104
\c@lofdepth=\count105
\c@subtable=\count106
\c@lotdepth=\count107

****************************************
* Local config file subfigure.cfg used *
****************************************

(C:\Users\PRITIDEVI\AppData\Roaming\MiKTeX\2.9\tex\latex\subfigure\subfigure.cf
g)
\subfig@top=\skip62
\subfig@bottom=\skip63
)
(C:\Users\PRITIDEVI\AppData\Roaming\MiKTeX\2.9\tex\latex\booktabs\booktabs.sty
Package: booktabs 2005/04/14 v1.61803 publication quality tables
\heavyrulewidth=\dimen128
\lightrulewidth=\dimen129
\cmidrulewidth=\dimen130
\belowrulesep=\dimen131
\belowbottomsep=\dimen132
\aboverulesep=\dimen133
\abovetopsep=\dimen134
\cmidrulesep=\dimen135
\cmidrulekern=\dimen136
\defaultaddspace=\dimen137
\@cmidla=\count108
\@cmidlb=\count109
\@aboverulesep=\dimen138
\@belowrulesep=\dimen139
\@thisruleclass=\count110
\@lastruleclass=\count111
\@thisrulewidth=\dimen140
) (C:\Users\PRITIDEVI\AppData\Roaming\MiKTeX\2.9\tex\latex\rotating\rotating.st
y
Package: rotating 2009/03/28 v2.16a rotated objects in LaTeX
("C:\Program Files\MiKTeX 2.9\tex\latex\base\ifthen.sty"
Package: ifthen 2001/05/26 v1.1c Standard LaTeX ifthen package (DPC)
)
\c@r@tfl@t=\count112
\rotFPtop=\skip64
\rotFPbot=\skip65
\rot@float@box=\box28
\rot@mess@toks=\toks27
)
(C:\Users\PRITIDEVI\AppData\Roaming\MiKTeX\2.9\tex\latex\listings\listings.sty
\lst@mode=\count113
\lst@gtempboxa=\box29
\lst@token=\toks28
\lst@length=\count114
\lst@currlwidth=\dimen141
\lst@column=\count115
\lst@pos=\count116
\lst@lostspace=\dimen142
\lst@width=\dimen143
\lst@newlines=\count117
\lst@lineno=\count118
\lst@maxwidth=\dimen144

("C:\Users\PRITIDEVI\Desktop\Attendance Monitoring System\lstpatch.sty"

***
*** This is a patch for listings 1.3, but you're using
*** version 1.5e.
***
*** Patch file not loaded.
***

) (C:\Users\PRITIDEVI\AppData\Roaming\MiKTeX\2.9\tex\latex\listings\lstmisc.sty
File: lstmisc.sty 2014/09/06 1.5e (Carsten Heinz)
\c@lstnumber=\count119
\lst@skipnumbers=\count120
\lst@framebox=\box30
)
(C:\Users\PRITIDEVI\AppData\Roaming\MiKTeX\2.9\tex\latex\listings\listings.cfg
File: listings.cfg 2014/09/06 1.5e listings configuration
))
Package: listings 2014/09/06 1.5e (Carsten Heinz)
 ("C:\Users\PRITIDEVI\Desktop\Attendance Monitoring System\lstpatch.sty"

***
*** This is a patch for listings 1.3, but you're using
*** version 1.5e.
***
 *** Patch file not loaded.
***

) ("C:\Program Files\MiKTeX 2.9\tex\latex\hyperref\hyperref.sty"
Package: hyperref 2011/04/17 v6.82g Hypertext links for LaTeX

("C:\Program Files\MiKTeX 2.9\tex\generic\oberdiek\hobsub-hyperref.sty"
Package: hobsub-hyperref 2011/04/23 v1.4 Bundle oberdiek, subset hyperref (HO)

("C:\Program Files\MiKTeX 2.9\tex\generic\oberdiek\hobsub-generic.sty"
Package: hobsub-generic 2011/04/23 v1.4 Bundle oberdiek, subset generic (HO)
Package: hobsub 2011/04/23 v1.4 Subsetting bundle oberdiek (HO)
Package hobsub Info: Skipping package `infwarerr' (already loaded).
Package hobsub Info: Skipping package `ltxcmds' (already loaded).
Package hobsub Info: Skipping package `ifluatex' (already loaded).
Package: ifvtex 2010/03/01 v1.5 Switches for detecting VTeX and its modes (HO)
Package ifvtex Info: VTeX not detected.
Package: intcalc 2007/09/27 v1.1 Expandable integer calculations (HO)
Package hobsub Info: Skipping package `ifpdf' (already loaded).
Package hobsub Info: Skipping package `etexcmds' (already loaded).
Package hobsub Info: Skipping package `kvsetkeys' (already loaded).
Package hobsub Info: Skipping package `kvdefinekeys' (already loaded).
Package hobsub Info: Skipping package `pdftexcmds' (already loaded).
Package: pdfescape 2011/04/04 v1.12 Provides string conversions (HO)
Package: bigintcalc 2011/01/30 v1.2 Expandable big integer calculations (HO)
Package: bitset 2011/01/30 v1.1 Data type bit set (HO)
Package: uniquecounter 2011/01/30 v1.2 Provides unlimited unique counter (HO)
)
Package hobsub Info: Skipping package `hobsub' (already loaded).
Package: letltxmacro 2010/09/02 v1.4 Let assignment for LaTeX macros (HO)
Package: hopatch 2011/01/30 v1.0 Wrapper for package hooks (HO)
Package: xcolor-patch 2011/01/30 xcolor patch
Package: atveryend 2011/04/23 v1.7 Hooks at very end of document (HO)
Package atveryend Info: \enddocument detected (standard).
Package: atbegshi 2011/01/30 v1.15 At begin shipout hook (HO)
Package: refcount 2010/12/01 v3.2 Data extraction from references (HO)
Package: hycolor 2011/01/30 v1.7 Color options of hyperref/bookmark (HO)
)
("C:\Program Files\MiKTeX 2.9\tex\generic\ifxetex\ifxetex.sty"
Package: ifxetex 2010/09/12 v0.6 Provides ifxetex conditional
)
\@linkdim=\dimen145
\Hy@linkcounter=\count121
\Hy@pagecounter=\count122

("C:\Program Files\MiKTeX 2.9\tex\latex\hyperref\pd1enc.def"
File: pd1enc.def 2011/04/17 v6.82g Hyperref: PDFDocEncoding definition (HO)
)
\Hy@SavedSpaceFactor=\count123

("C:\Program Files\MiKTeX 2.9\tex\latex\00miktex\hyperref.cfg"
File: hyperref.cfg 2002/06/06 v1.2 hyperref configuration of TeXLive
)
Package hyperref Info: Option `bookmarks' set `true' on input line 3905.
Package hyperref Info: Option `bookmarksopen' set `true' on input line 3905.
Package hyperref Info: Option `bookmarksnumbered' set `true' on input line 3905
.
Package hyperref Info: Option `hypertexnames' set `false' on input line 3905.
Package hyperref Info: Option `colorlinks' set `true' on input line 3905.
Package hyperref Info: Option `unicode' set `true' on input line 3905.

("C:\Program Files\MiKTeX 2.9\tex\latex\hyperref\puenc.def"
File: puenc.def 2011/04/17 v6.82g Hyperref: PDF Unicode definition (HO)
)
Package hyperref Info: Option `breaklinks' set `true' on input line 3905.
Package hyperref Info: Hyper figures OFF on input line 4026.
Package hyperref Info: Link nesting OFF on input line 4031.
Package hyperref Info: Hyper index ON on input line 4034.
Package hyperref Info: Plain pages OFF on input line 4041.
Package hyperref Info: Backreferencing OFF on input line 4046.
Package hyperref Info: Implicit mode ON; LaTeX internals redefined.
Package hyperref Info: Bookmarks ON on input line 4264.
\c@Hy@tempcnt=\count124

("C:\Program Files\MiKTeX 2.9\tex\latex\ltxmisc\url.sty"
\Urlmuskip=\muskip11
Package: url 2006/04/12  ver 3.3  Verb mode for urls, etc.
)
LaTeX Info: Redefining \url on input line 4617.
\Fld@menulength=\count125
\Field@Width=\dimen146
\Fld@charsize=\dimen147
Package hyperref Info: Hyper figures OFF on input line 5701.
Package hyperref Info: Link nesting OFF on input line 5706.
Package hyperref Info: Hyper index ON on input line 5709.
Package hyperref Info: backreferencing OFF on input line 5716.
Package hyperref Info: Link coloring ON on input line 5719.
Package hyperref Info: Link coloring with OCG OFF on input line 5726.
Package hyperref Info: PDF/A mode OFF on input line 5731.
LaTeX Info: Redefining \ref on input line 5771.
LaTeX Info: Redefining \pageref on input line 5775.
\Hy@abspage=\count126
\c@Item=\count127
\c@Hfootnote=\count128
)

Package hyperref Message: Driver (autodetected): hpdftex.

("C:\Program Files\MiKTeX 2.9\tex\latex\hyperref\hpdftex.def"
File: hpdftex.def 2011/04/17 v6.82g Hyperref driver for pdfTeX
\Fld@listcount=\count129
\c@bookmark@seq@number=\count130

("C:\Program Files\MiKTeX 2.9\tex\latex\oberdiek\rerunfilecheck.sty"
Package: rerunfilecheck 2011/04/15 v1.7 Rerun checks for auxiliary files (HO)
Package uniquecounter Info: New unique counter `rerunfilecheck' on input line 2
82.
)
\Hy@SectionHShift=\skip66
)
\c@dummy=\count131

("C:\Program Files\MiKTeX 2.9\tex\latex\tools\longtable.sty"
Package: longtable 2004/02/01 v4.11 Multi-page Table package (DPC)
\LTleft=\skip67
\LTright=\skip68
\LTpre=\skip69
\LTpost=\skip70
\LTchunksize=\count132
\LTcapwidth=\dimen148
\LT@head=\box31
\LT@firsthead=\box32
\LT@foot=\box33
\LT@lastfoot=\box34
\LT@cols=\count133
\LT@rows=\count134
\c@LT@tables=\count135
\c@LT@chunks=\count136
\LT@p@ftn=\toks29
))
("C:\Program Files\MiKTeX 2.9\tex\latex\oberdiek\pdflscape.sty"
Package: pdflscape 2008/08/11 v0.10 Landscape pages in PDF (HO)

("C:\Program Files\MiKTeX 2.9\tex\latex\graphics\lscape.sty"
Package: lscape 2000/10/22 v3.01 Landscape Pages (DPC)
)
Package pdflscape Info: Auto-detected driver: pdftex on input line 80.
)
("C:\Program Files\MiKTeX 2.9\tex\latex\float\float.sty"
Package: float 2001/11/08 v1.3d Float enhancements (AL)
\c@float@type=\count137
\float@exts=\toks30
\float@box=\box35
\@float@everytoks=\toks31
\@floatcapt=\box36
)
(C:\Users\PRITIDEVI\AppData\Roaming\MiKTeX\2.9\tex\latex\natbib\natbib.sty
Package: natbib 2010/09/13 8.31b (PWD, AO)
\bibhang=\skip71
\bibsep=\skip72
LaTeX Info: Redefining \cite on input line 694.
\c@NAT@ctr=\count138
)
("C:\Program Files\MiKTeX 2.9\tex\latex\tools\verbatim.sty"
Package: verbatim 2003/08/22 v1.5q LaTeX2e package for verbatim enhancements
\every@verbatim=\toks32
\verbatim@line=\toks33
\verbatim@in@stream=\read1
)
("C:\Users\PRITIDEVI\Desktop\Attendance Monitoring System\vector.sty"
Package: vector 1994/09/16 v1.0 vector macros for LaTeX2e (nde)

("C:\Program Files\MiKTeX 2.9\tex\latex\tools\calc.sty"
Package: calc 2007/08/22 v4.3 Infix arithmetic (KKT,FJ)
\calc@Acount=\count139
\calc@Bcount=\count140
\calc@Adimen=\dimen149
\calc@Bdimen=\dimen150
\calc@Askip=\skip73
\calc@Bskip=\skip74
LaTeX Info: Redefining \setlength on input line 76.
LaTeX Info: Redefining \addtolength on input line 77.
\calc@Ccount=\count141
\calc@Cskip=\skip75
)
\c@vec@elem=\count142
)
Package hyperref Info: Option `colorlinks' set `true' on input line 17.

("C:\Program Files\MiKTeX 2.9\tex\latex\graphics\color.sty"
Package: color 2005/11/14 v1.0j Standard LaTeX Color (DPC)

("C:\Program Files\MiKTeX 2.9\tex\latex\00miktex\color.cfg"
File: color.cfg 2007/01/18 v1.5 color configuration of teTeX/TeXLive
)
Package color Info: Driver file: pdftex.def on input line 130.
)
("C:\Users\PRITIDEVI\Desktop\Attendance Monitoring System\Thesis.aux")
LaTeX Font Info:    Checking defaults for OML/cmm/m/it on input line 26.
LaTeX Font Info:    ... okay on input line 26.
LaTeX Font Info:    Checking defaults for T1/cmr/m/n on input line 26.
LaTeX Font Info:    ... okay on input line 26.
LaTeX Font Info:    Checking defaults for OT1/cmr/m/n on input line 26.
LaTeX Font Info:    ... okay on input line 26.
LaTeX Font Info:    Checking defaults for OMS/cmsy/m/n on input line 26.
LaTeX Font Info:    ... okay on input line 26.
LaTeX Font Info:    Checking defaults for OMX/cmex/m/n on input line 26.
LaTeX Font Info:    ... okay on input line 26.
LaTeX Font Info:    Checking defaults for U/cmr/m/n on input line 26.
LaTeX Font Info:    ... okay on input line 26.
LaTeX Font Info:    Checking defaults for PD1/pdf/m/n on input line 26.
LaTeX Font Info:    ... okay on input line 26.
LaTeX Font Info:    Checking defaults for PU/pdf/m/n on input line 26.
LaTeX Font Info:    ... okay on input line 26.
Package caption Info: Begin \AtBeginDocument code.
Package caption Info: float package is loaded.
Package caption Info: hyperref package is loaded.
Package caption Info: listings package is loaded.
Package caption Info: longtable package is loaded.

(C:\Users\PRITIDEVI\AppData\Roaming\MiKTeX\2.9\tex\latex\caption\ltcaption.sty
Package: ltcaption 2013/02/03 v1.3-62 longtable captions (AR)
)
Package caption Info: rotating package is loaded.
Package caption Info: subfigure package is loaded.
Package caption Info: End \AtBeginDocument code.
("C:\Program Files\MiKTeX 2.9\tex\context\base\supp-pdf.mkii"
[Loading MPS to PDF converter (version 2006.09.02).]
\scratchcounter=\count143
\scratchdimen=\dimen151
\scratchbox=\box37
\nofMPsegments=\count144
\nofMParguments=\count145
\everyMPshowfont=\toks34
\MPscratchCnt=\count146
\MPscratchDim=\dimen152
\MPnumerator=\count147
\makeMPintoPDFobject=\count148
\everyMPtoPDFconversion=\toks35
)
\c@lstlisting=\count149
\AtBeginShipoutBox=\box38
Package hyperref Info: Link coloring ON on input line 26.
 ("C:\Program Files\MiKTeX 2.9\tex\latex\hyperref\nameref.sty"
Package: nameref 2010/04/30 v2.40 Cross-referencing by name of section

("C:\Program Files\MiKTeX 2.9\tex\generic\oberdiek\gettitlestring.sty"
Package: gettitlestring 2010/12/03 v1.4 Cleanup title references (HO)
)
\c@section@level=\count150
)
LaTeX Info: Redefining \ref on input line 26.
LaTeX Info: Redefining \pageref on input line 26.
LaTeX Info: Redefining \nameref on input line 26.

("C:\Users\PRITIDEVI\Desktop\Attendance Monitoring System\Thesis.out")
("C:\Users\PRITIDEVI\Desktop\Attendance Monitoring System\Thesis.out")
\@outlinefile=\write3

------------------------------------------------------------------------------
 Title Page
------------------------------------------------------------------------------
[1



{C:/Users/PRITIDEVI/AppData/Local/MiKTeX/2.9/pdftex/config/pdftex.map}]
------------------------------------------------------------------------------
 Abstract Page
------------------------------------------------------------------------------
[1

]
------------------------------------------------------------------------------
 Acknowledgements
------------------------------------------------------------------------------
[2

]
------------------------------------------------------------------------------
 Table of Contents
------------------------------------------------------------------------------
("C:\Users\PRITIDEVI\Desktop\Attendance Monitoring System\Thesis.toc"
LaTeX Font Info:    Try loading font information for U+msa on input line 8.

("C:\Program Files\MiKTeX 2.9\tex\latex\amsfonts\umsa.fd"
File: umsa.fd 2009/06/22 v3.00 AMS symbols A
)
LaTeX Font Info:    Try loading font information for U+msb on input line 8.

("C:\Program Files\MiKTeX 2.9\tex\latex\amsfonts\umsb.fd"
File: umsb.fd 2009/06/22 v3.00 AMS symbols B
) [3


] [4])
\tf@toc=\write4
 [5]
------------------------------------------------------------------------------
 List of Figures
------------------------------------------------------------------------------
("C:\Users\PRITIDEVI\Desktop\Attendance Monitoring System\Thesis.lof")
\tf@lof=\write5
 [6


]
------------------------------------------------------------------------------
 List of Tables
------------------------------------------------------------------------------
("C:\Users\PRITIDEVI\Desktop\Attendance Monitoring System\Thesis.lot")
\tf@lot=\write6
 [7


]
("C:\Users\PRITIDEVI\Desktop\Attendance Monitoring System\Chapters\Chapter1.tex
"
Chapter 1.
------------------------------------------------------------------------------
 1 INTRODUCTION
------------------------------------------------------------------------------
Missing character: There is no ‚ in font cmr10!
Missing character: There is no Ä in font cmr10!
Missing character: There is no ô in font cmr10!
Missing character: There is no ‚ in font cmr10!
Missing character: There is no Ä in font cmr10!
Missing character: There is no ô in font cmr10!
[1



]
Missing character: There is no ‚ in font cmr10!
Missing character: There is no Ä in font cmr10!
Missing character: There is no ô in font cmr10!
Missing character: There is no ‚ in font cmr10!
Missing character: There is no Ä in font cmr10!
Missing character: There is no ô in font cmr10!
Missing character: There is no ‚ in font cmr10!
Missing character: There is no Ä in font cmr10!
Missing character: There is no ô in font cmr10!
 [2]
LaTeX Font Info:    Try loading font information for OMS+cmr on input line 37.
 ("C:\Program Files\MiKTeX 2.9\tex\latex\base\omscmr.fd"
File: omscmr.fd 1999/05/25 v2.5h Standard LaTeX font definitions
)
LaTeX Font Info:    Font shape `OMS/cmr/m/n' in size <10.95> not available
(Font)              Font shape `OMS/cmsy/m/n' tried instead on input line 37.
 [3] [4]
Missing character: There is no ‚ in font cmr10!
Missing character: There is no Ä in font cmr10!
Missing character: There is no ô in font cmr10!
)
("C:\Users\PRITIDEVI\Desktop\Attendance Monitoring System\Chapters\Chapter2.tex
" [5]
Chapter 2.
------------------------------------------------------------------------------
 2 LITERATURE REVIEW 
------------------------------------------------------------------------------
Missing character: There is no ‚ in font cmr10!
Missing character: There is no Ä in font cmr10!
Missing character: There is no ô in font cmr10!
[6

] [7])
("C:\Users\PRITIDEVI\Desktop\Attendance Monitoring System\Chapters\Chapter3.tex
" [8]
Chapter 3.
------------------------------------------------------------------------------
 3 OBJECTIVE AND SCOPE
------------------------------------------------------------------------------
Missing character: There is no ‚ in font cmr10!
Missing character: There is no Ä in font cmr10!
Missing character: There is no ô in font cmr10!
Missing character: There is no ‚ in font cmr10!
Missing character: There is no Ä in font cmr10!
Missing character: There is no ô in font cmr10!
[9

])
("C:\Users\PRITIDEVI\Desktop\Attendance Monitoring System\Chapters\Chapter4.tex
" [10]
Chapter 4.
------------------------------------------------------------------------------
 4 REQUIREMENT ANALYSIS
------------------------------------------------------------------------------
[11

]
Missing character: There is no ‚ in font cmr10!
Missing character: There is no Ä in font cmr10!
Missing character: There is no ì in font cmr10!
Missing character: There is no ‚ in font cmr10!
Missing character: There is no Ä in font cmr10!
Missing character: There is no ô in font cmr10!
 [12] [13])
("C:\Users\PRITIDEVI\Desktop\Attendance Monitoring System\Chapters\Chapter5.tex
" [14]
Chapter 5.
------------------------------------------------------------------------------
 5 SYSTEM DESIGN
------------------------------------------------------------------------------
[15

] [16]
Overfull \hbox (27.34084pt too wide) in paragraph at lines 59--60
[]\OT1/cmr/m/n/10.95 Be in-de-pen-dent of par-tic-u-lar pro-gram-ming lan-guage
s and de-vel-op-ment pro-cesses.Provide
 []

[17] [18] <Figures/16.png, id=681, 101.62968pt x 36.135pt>
File: Figures/16.png Graphic file (type png)

<use Figures/16.png>
Package pdftex.def Info: Figures/16.png used on input line 111.
(pdftex.def)             Requested size: 72.26999pt x 25.69681pt.
 <Figures/17.png, id=682, 80.55093pt x 19.57312pt>
File: Figures/17.png Graphic file (type png)

<use Figures/17.png>
Package pdftex.def Info: Figures/17.png used on input line 126.
(pdftex.def)             Requested size: 72.26999pt x 17.56157pt.
 [19 <C:/Users/PRITIDEVI/Desktop/Attendance Monitoring System/Figures/16.png (P
NG copy)>]
<Figures/usecase.pdf, id=688, 578.55736pt x 735.17955pt>
File: Figures/usecase.pdf Graphic file (type pdf)

<use Figures/usecase.pdf>
Package pdftex.def Info: Figures/usecase.pdf used on input line 141.
(pdftex.def)             Requested size: 289.07999pt x 367.34209pt.
 [20 <C:/Users/PRITIDEVI/Desktop/Attendance Monitoring System/Figures/17.png (P
NG copy)> <C:/Users/PRITIDEVI/Desktop/Attendance Monitoring System/Figures/usec
ase.pdf>]
Overfull \hbox (4.86551pt too wide) in alignment at lines 150--153
 [] [] 
 []


Overfull \hbox (4.86551pt too wide) in alignment at lines 153--159
 [] [] 
 []


Overfull \hbox (4.86551pt too wide) in alignment at lines 159--161
 [] [] 
 []


Overfull \hbox (4.86551pt too wide) in alignment at lines 161--162
 [] [] 
 []


Overfull \hbox (4.86551pt too wide) in alignment at lines 162--182
 [] [] 
 []


Overfull \hbox (4.86551pt too wide) in alignment at lines 182--193
 [] [] 
 []

[21] <Figures/registration.pdf, id=705, 533.3964pt x 585.30798pt>
File: Figures/registration.pdf Graphic file (type pdf)

<use Figures/registration.pdf>
Package pdftex.def Info: Figures/registration.pdf used on input line 212.
(pdftex.def)             Requested size: 433.62pt x 475.83842pt.

Overfull \hbox (16.14693pt too wide) in paragraph at lines 212--213
 [][] 
 []

[22] <Figures/login.pdf, id=710, 555.6965pt x 602.81068pt>
File: Figures/login.pdf Graphic file (type pdf)

<use Figures/login.pdf>
Package pdftex.def Info: Figures/login.pdf used on input line 219.
(pdftex.def)             Requested size: 433.62pt x 470.38359pt.

Overfull \hbox (16.14693pt too wide) in paragraph at lines 219--220
 [][] 
 []

[23 <C:/Users/PRITIDEVI/Desktop/Attendance Monitoring System/Figures/registrati
on.pdf>] <Figures/markatt.pdf, id=725, 570.00575pt x 735.60846pt>
File: Figures/markatt.pdf Graphic file (type pdf)

<use Figures/markatt.pdf>
Package pdftex.def Info: Figures/markatt.pdf used on input line 226.
(pdftex.def)             Requested size: 433.62pt x 559.59578pt.

Overfull \hbox (16.14693pt too wide) in paragraph at lines 226--227
 [][] 
 []

[24 <C:/Users/PRITIDEVI/Desktop/Attendance Monitoring System/Figures/login.pdf>
] <Figures/getreport.pdf, id=739, 511.59056pt x 580.00778pt>
File: Figures/getreport.pdf Graphic file (type pdf)

<use Figures/getreport.pdf>
Package pdftex.def Info: Figures/getreport.pdf used on input line 233.
(pdftex.def)             Requested size: 433.62pt x 491.62831pt.

Overfull \hbox (16.14693pt too wide) in paragraph at lines 233--234
 [][] 
 []

[25 <C:/Users/PRITIDEVI/Desktop/Attendance Monitoring System/Figures/markatt.pd
f>] [26 <C:/Users/PRITIDEVI/Desktop/Attendance Monitoring System/Figures/getrep
ort.pdf>] [27] <Figures/class.pdf, id=774, 604.91063pt x 550.67088pt>
File: Figures/class.pdf Graphic file (type pdf)

<use Figures/class.pdf>
Package pdftex.def Info: Figures/class.pdf used on input line 270.
(pdftex.def)             Requested size: 433.62pt x 394.73499pt.

Overfull \hbox (16.14693pt too wide) in paragraph at lines 270--271
 [][] 
 []

[28 <C:/Users/PRITIDEVI/Desktop/Attendance Monitoring System/Figures/class.pdf>
] [29] <Figures/deploy.pdf, id=795, 615.0478pt x 795.72281pt>
File: Figures/deploy.pdf Graphic file (type pdf)

<use Figures/deploy.pdf>
Package pdftex.def Info: Figures/deploy.pdf used on input line 310.
(pdftex.def)             Requested size: 289.07999pt x 374.0019pt.
)
("C:\Users\PRITIDEVI\Desktop\Attendance Monitoring System\Chapters\Chapter6.tex
" [30 <C:/Users/PRITIDEVI/Desktop/Attendance Monitoring System/Figures/deploy.p
df>]
Chapter 6.
------------------------------------------------------------------------------
 6 CODING
------------------------------------------------------------------------------
(C:\Users\PRITIDEVI\AppData\Roaming\MiKTeX\2.9\tex\latex\listings\lstlang1.sty
File: lstlang1.sty 2014/09/06 1.5e listings language file
) [31

] [32] [33] [34] [35] [36] [37]
Missing character: There is no ‚ in font cmr10!
Missing character: There is no Ä in font cmr10!
Missing character: There is no ú in font cmr10!
Missing character: There is no ‚ in font cmr10!
Missing character: There is no Ä in font cmr10!
Missing character: There is no ù in font cmr10!

Overfull \hbox (2.63985pt too wide) in paragraph at lines 284--285
[][][][][][][][][][][]  
 []

[38] [39]
Overfull \hbox (30.23384pt too wide) in paragraph at lines 337--338
[][][][][][][][][][][][][][][][][][][][][][][][][][][][][][][][][][][][][][][][
][][][][]  
 []

)
("C:\Users\PRITIDEVI\Desktop\Attendance Monitoring System\Chapters\Chapter7.tex
" [40]
Chapter 7.
------------------------------------------------------------------------------
 7 TESTING
------------------------------------------------------------------------------

Overfull \hbox (20.01042pt too wide) in paragraph at lines 11--13
[]\OT1/cmr/m/n/10.95 Test De-sign: cre-ate test cases, iden-tify test cases for
 au-toma-tion(if ap-pli-ca-ble),prioritize
 []

[41

]
Missing character: There is no ‚ in font cmr10!
Missing character: There is no Ä in font cmr10!
Missing character: There is no ú in font cmr10!
Missing character: There is no ‚ in font cmr10!
Missing character: There is no Ä in font cmr10!
Missing character: There is no ù in font cmr10!
 [42] [43]
Overfull \hbox (6.876pt too wide) in paragraph at lines 81--81
[]|\OT1/cmr/bx/n/10.95 Sr.No.| 
 []


Underfull \hbox (badness 1226) in paragraph at lines 81--84
[]| \OT1/cmr/bx/n/10.95 Re-
 []


Underfull \hbox (badness 10000) in paragraph at lines 81--84
\OT1/cmr/bx/n/10.95 mark
 []

Missing character: There is no ‚ in font cmbx10!
Missing character: There is no Ä in font cmbx10!
Missing character: There is no ê in font cmbx10!
Missing character: There is no ‚ in font cmbx10!
Missing character: There is no Ä in font cmbx10!
Missing character: There is no ê in font cmbx10!

Overfull \hbox (6.876pt too wide) in paragraph at lines 96--96
[]|\OT1/cmr/bx/n/10.95 Sr.No.| 
 []


Underfull \hbox (badness 10000) in paragraph at lines 96--96
[]|\OT1/cmr/bx/n/10.95 Expected Re-
 []


Underfull \hbox (badness 1226) in paragraph at lines 96--99
[]| \OT1/cmr/bx/n/10.95 Re-
 []


Underfull \hbox (badness 10000) in paragraph at lines 96--99
\OT1/cmr/bx/n/10.95 mark
 []


Underfull \hbox (badness 3679) in paragraph at lines 106--106
[]|\OT1/cmr/m/n/10.95 Start the ap-pli-ca-
 []


Underfull \hbox (badness 1264) in paragraph at lines 106--106
[]|\OT1/cmr/m/n/10.95 Application should be
 []


Underfull \hbox (badness 10000) in paragraph at lines 106--106
[]|\OT1/cmr/m/n/10.95 Application
 []


Underfull \hbox (badness 10000) in paragraph at lines 106--106
[]|\OT1/cmr/m/n/10.95 Application get
 []


Underfull \hbox (badness 10000) in paragraph at lines 106--106
\OT1/cmr/m/n/10.95 started suc-cess-
 []


Underfull \hbox (badness 1264) in paragraph at lines 108--108
[]|\OT1/cmr/m/n/10.95 Application should be
 []


Underfull \hbox (badness 1533) in paragraph at lines 108--108
[]|\OT1/cmr/m/n/10.95 1. En-ter col-lege id.
 []


Underfull \hbox (badness 10000) in paragraph at lines 110--110
[]|\OT1/cmr/m/n/10.95 Different op-tion
 []


Underfull \hbox (badness 3019) in paragraph at lines 110--110
[]|\OT1/cmr/m/n/10.95 It open the dif-fer-ent
 []


Underfull \hbox (badness 10000) in paragraph at lines 110--110
[]|\OT1/cmr/m/n/10.95 Different forms
 []


Underfull \hbox (badness 10000) in paragraph at lines 112--112
[]|\OT1/cmr/m/n/10.95 Click on stu-dent
 []


Underfull \hbox (badness 2547) in paragraph at lines 112--112
[]|\OT1/cmr/m/n/10.95 Click on the stu-dent
 []


Underfull \hbox (badness 3000) in paragraph at lines 112--112
[]|\OT1/cmr/m/n/10.95 Open the reg-is-
 []


Underfull \hbox (badness 1264) in paragraph at lines 120--120
[]|\OT1/cmr/m/n/10.95 Click on the Year
 []


Underfull \hbox (badness 10000) in paragraph at lines 122--122
[]|\OT1/cmr/m/n/10.95 Click on Branch
 []


Underfull \hbox (badness 10000) in paragraph at lines 122--122
[]|\OT1/cmr/m/n/10.95 It taken the
 []


Underfull \hbox (badness 4205) in paragraph at lines 124--124
[]|\OT1/cmr/m/n/10.95 Click on Semis-ter
 []


Underfull \hbox (badness 10000) in paragraph at lines 124--124
[]|\OT1/cmr/m/n/10.95 It take the
 []


Underfull \hbox (badness 3000) in paragraph at lines 124--124
\OT1/cmr/m/n/10.95 Semester of the
 []


Underfull \hbox (badness 10000) in paragraph at lines 124--124
[]|\OT1/cmr/m/n/10.95 It taken the
 []


Underfull \hbox (badness 5711) in paragraph at lines 126--126
\OT1/cmr/m/n/10.95 word from stu-
 []


Underfull \hbox (badness 1005) in paragraph at lines 128--128
[]|\OT1/cmr/m/n/10.95 All field in this form
 []


Underfull \hbox (badness 6825) in paragraph at lines 128--128
\OT1/cmr/m/n/10.95 for-ma-tion which
 []


Underfull \hbox (badness 5490) in paragraph at lines 132--132
[]|\OT1/cmr/m/n/10.95 Open the lo-gin
 []


Underfull \hbox (badness 10000) in paragraph at lines 132--132
[]|\OT1/cmr/m/n/10.95 Login form
 []


Underfull \hbox (badness 3930) in paragraph at lines 134--134
[]|\OT1/cmr/m/n/10.95 Roll Num-ber is
 []


Underfull \hbox (badness 1005) in paragraph at lines 138--138
[]|\OT1/cmr/m/n/10.95 All field in this form
 []


Underfull \hbox (badness 1728) in paragraph at lines 138--138
[]|\OT1/cmr/m/n/10.95 Filling suc-cess-ful
 []


Underfull \hbox (badness 1540) in paragraph at lines 138--138
[]|\OT1/cmr/m/n/10.95 form suc-cess-fully
 []


Underfull \hbox (badness 6825) in paragraph at lines 140--140
\OT1/cmr/m/n/10.95 for-ma-tion which
 []


Underfull \hbox (badness 10000) in paragraph at lines 142--142
[]|\OT1/cmr/m/n/10.95 Capturing the
 []


Underfull \hbox (badness 10000) in paragraph at lines 142--142
[]|\OT1/cmr/m/n/10.95 successfully face
 []


Underfull \hbox (badness 10000) in paragraph at lines 144--144
[]|\OT1/cmr/m/n/10.95 It should re-quird
 []


Underfull \hbox (badness 1360) in paragraph at lines 144--144
\OT1/cmr/m/n/10.95 cam-era from open cv
 []


Underfull \vbox (badness 10000) detected at line 144
 []


Underfull \hbox (badness 10000) in paragraph at lines 146--146
[]|\OT1/cmr/m/n/10.95 1.Give face num-ber.
 []


Underfull \hbox (badness 5133) in paragraph at lines 146--146
[]|\OT1/cmr/m/n/10.95 Collect the im-
 []


Underfull \hbox (badness 10000) in paragraph at lines 146--146
[]|\OT1/cmr/m/n/10.95 Successfully it
 []


Underfull \hbox (badness 2486) in paragraph at lines 148--148
[]|\OT1/cmr/m/n/10.95 Face suc-cess-fully
 []


Underfull \hbox (badness 1874) in paragraph at lines 152--152
[]|\OT1/cmr/m/n/10.95 Click on the stop
 []


Underfull \hbox (badness 3849) in paragraph at lines 152--152
[]|\OT1/cmr/m/n/10.95 Stop the trainy
 []


Underfull \hbox (badness 10000) in paragraph at lines 152--152
[]|\OT1/cmr/m/n/10.95 Trainy set is
 []


Underfull \hbox (badness 5504) in paragraph at lines 152--152
\OT1/cmr/m/n/10.95 stopped suc-cess-
 []


Underfull \hbox (badness 7722) in paragraph at lines 154--154
[]|\OT1/cmr/m/n/10.95 Trainy set must be
 []


Underfull \hbox (badness 10000) in paragraph at lines 154--154
[]|\OT1/cmr/m/n/10.95 Direct go to
 []


Underfull \hbox (badness 2050) in paragraph at lines 154--154
\OT1/cmr/m/n/10.95 at-ten-dance sheet
 []


Underfull \hbox (badness 10000) in paragraph at lines 156--156
[]|\OT1/cmr/m/n/10.95 Registration is com-
 []


Underfull \hbox (badness 3333) in paragraph at lines 156--156
[]|\OT1/cmr/m/n/10.95 Open the multi
 []


Underfull \hbox (badness 10000) in paragraph at lines 158--158
[]|\OT1/cmr/m/n/10.95 Click on Sub-ject
 []


Underfull \hbox (badness 1472) in paragraph at lines 158--158
[]|\OT1/cmr/m/n/10.95 Subject name is
 []


Underfull \hbox (badness 10000) in paragraph at lines 162--162
[]|\OT1/cmr/m/n/10.95 Click on Stu-dent
 []


Underfull \hbox (badness 6725) in paragraph at lines 162--162
[]|\OT1/cmr/m/n/10.95 Roll num-ber is
 []


Underfull \hbox (badness 2050) in paragraph at lines 164--164
[]|\OT1/cmr/m/n/10.95 It gives the re-
 []


Underfull \hbox (badness 4441) in paragraph at lines 166--166
[]|\OT1/cmr/m/n/10.95 It open cam-era
 []


Underfull \hbox (badness 10000) in paragraph at lines 174--174
[]|\OT1/cmr/m/n/10.95 Click on Sub-ject
 []


Underfull \hbox (badness 1472) in paragraph at lines 174--174
[]|\OT1/cmr/m/n/10.95 Subject name is
 []


Underfull \hbox (badness 10000) in paragraph at lines 178--178
[]|\OT1/cmr/m/n/10.95 Report should
 []

[44

] [45] [46] [47] [48])
("C:\Users\PRITIDEVI\Desktop\Attendance Monitoring System\Chapters\Chapter8.tex
"
Chapter 8.
------------------------------------------------------------------------------
 8 DEPLOYMENT
------------------------------------------------------------------------------
<Figures/AA1.png, id=1156, 496.10344pt x 287.57437pt>
File: Figures/AA1.png Graphic file (type png)
 <use Figures/AA1.png>
Package pdftex.def Info: Figures/AA1.png used on input line 7.
(pdftex.def)             Requested size: 361.34999pt x 209.46242pt.
Missing character: There is no ‚ in font cmr10!
Missing character: There is no Ä in font cmr10!
Missing character: There is no ú in font cmr10!
Missing character: There is no ‚ in font cmr10!
Missing character: There is no Ä in font cmr10!
Missing character: There is no ù in font cmr10!

<Figures/AA2.png, id=1157, 496.10344pt x 287.57437pt>
File: Figures/AA2.png Graphic file (type png)
 <use Figures/AA2.png>
Package pdftex.def Info: Figures/AA2.png used on input line 17.
(pdftex.def)             Requested size: 361.34999pt x 209.46242pt.

[49


 <C:/Users/PRITIDEVI/Desktop/Attendance Monitoring System/Figures/AA1.png (PNG 
copy)>]
Missing character: There is no ‚ in font cmr10!
Missing character: There is no Ä in font cmr10!
Missing character: There is no ú in font cmr10!
Missing character: There is no ‚ in font cmr10!
Missing character: There is no Ä in font cmr10!
Missing character: There is no ù in font cmr10!
 <Figures/AA3.png, id=1162, 496.10344pt x 287.57437pt>
File: Figures/AA3.png Graphic file (type png)

<use Figures/AA3.png>
Package pdftex.def Info: Figures/AA3.png used on input line 27.
(pdftex.def)             Requested size: 361.34999pt x 209.46242pt.
Missing character: There is no ‚ in font cmr10!
Missing character: There is no Ä in font cmr10!
Missing character: There is no ú in font cmr10!
Missing character: There is no ‚ in font cmr10!
Missing character: There is no Ä in font cmr10!
Missing character: There is no ù in font cmr10!
Missing character: There is no ‚ in font cmr10!
Missing character: There is no Ä in font cmr10!
Missing character: There is no ú in font cmr10!
Missing character: There is no ‚ in font cmr10!
Missing character: There is no Ä in font cmr10!
Missing character: There is no ù in font cmr10!
 <Figures/AA4.png, id=1163, 496.10344pt x 287.57437pt>
File: Figures/AA4.png Graphic file (type png)

<use Figures/AA4.png>
Package pdftex.def Info: Figures/AA4.png used on input line 37.
(pdftex.def)             Requested size: 361.34999pt x 209.46242pt.
 [50 <C:/Users/PRITIDEVI/Desktop/Attendance Monitoring System/Figures/AA2.png (
PNG copy)> <C:/Users/PRITIDEVI/Desktop/Attendance Monitoring System/Figures/AA3
.png (PNG copy)>]
Missing character: There is no ‚ in font cmr10!
Missing character: There is no Ä in font cmr10!
Missing character: There is no ú in font cmr10!
Missing character: There is no ‚ in font cmr10!
Missing character: There is no Ä in font cmr10!
Missing character: There is no ù in font cmr10!
Missing character: There is no ‚ in font cmr10!
Missing character: There is no Ä in font cmr10!
Missing character: There is no ú in font cmr10!
Missing character: There is no ‚ in font cmr10!
Missing character: There is no Ä in font cmr10!
Missing character: There is no ù in font cmr10!

<Figures/AA5.png, id=1168, 496.10344pt x 287.57437pt>
File: Figures/AA5.png Graphic file (type png)
 <use Figures/AA5.png>
Package pdftex.def Info: Figures/AA5.png used on input line 46.
(pdftex.def)             Requested size: 361.34999pt x 209.46242pt.
Missing character: There is no ‚ in font cmr10!
Missing character: There is no Ä in font cmr10!
Missing character: There is no ú in font cmr10!
Missing character: There is no ‚ in font cmr10!
Missing character: There is no Ä in font cmr10!
Missing character: There is no ù in font cmr10!

<Figures/AA6.png, id=1169, 496.10344pt x 287.57437pt>
File: Figures/AA6.png Graphic file (type png)
 <use Figures/AA6.png>
Package pdftex.def Info: Figures/AA6.png used on input line 55.
(pdftex.def)             Requested size: 361.34999pt x 209.46242pt.

[51 <C:/Users/PRITIDEVI/Desktop/Attendance Monitoring System/Figures/AA4.png (P
NG copy)> <C:/Users/PRITIDEVI/Desktop/Attendance Monitoring System/Figures/AA5.
png (PNG copy)>]
Missing character: There is no ‚ in font cmr10!
Missing character: There is no Ä in font cmr10!
Missing character: There is no ú in font cmr10!
Missing character: There is no ‚ in font cmr10!
Missing character: There is no Ä in font cmr10!
Missing character: There is no ù in font cmr10!
Missing character: There is no ‚ in font cmr10!
Missing character: There is no Ä in font cmr10!
Missing character: There is no ù in font cmr10!
Missing character: There is no ‚ in font cmr10!
Missing character: There is no Ä in font cmr10!
Missing character: There is no ù in font cmr10!
Missing character: There is no ‚ in font cmr10!
Missing character: There is no Ä in font cmr10!
Missing character: There is no ú in font cmr10!
Missing character: There is no ‚ in font cmr10!
Missing character: There is no Ä in font cmr10!
Missing character: There is no ù in font cmr10!
 <Figures/AA7.png, id=1174, 496.10344pt x 287.57437pt>
File: Figures/AA7.png Graphic file (type png)

<use Figures/AA7.png>
Package pdftex.def Info: Figures/AA7.png used on input line 65.
(pdftex.def)             Requested size: 361.34999pt x 209.46242pt.
Missing character: There is no ‚ in font cmr10!
Missing character: There is no Ä in font cmr10!
Missing character: There is no ú in font cmr10!
Missing character: There is no ‚ in font cmr10!
Missing character: There is no Ä in font cmr10!
Missing character: There is no ù in font cmr10!
 <Figures/AA8.png, id=1175, 496.10344pt x 287.57437pt>
File: Figures/AA8.png Graphic file (type png)

<use Figures/AA8.png>
Package pdftex.def Info: Figures/AA8.png used on input line 75.
(pdftex.def)             Requested size: 361.34999pt x 209.46242pt.
 [52 <C:/Users/PRITIDEVI/Desktop/Attendance Monitoring System/Figures/AA6.png (
PNG copy)> <C:/Users/PRITIDEVI/Desktop/Attendance Monitoring System/Figures/AA7
.png (PNG copy)>]
<Figures/AA9.png, id=1180, 496.10344pt x 287.57437pt>
File: Figures/AA9.png Graphic file (type png)
 <use Figures/AA9.png>
Package pdftex.def Info: Figures/AA9.png used on input line 85.
(pdftex.def)             Requested size: 361.34999pt x 209.46242pt.
Missing character: There is no ‚ in font cmr10!
Missing character: There is no Ä in font cmr10!
Missing character: There is no ú in font cmr10!
Missing character: There is no ‚ in font cmr10!
Missing character: There is no Ä in font cmr10!
Missing character: There is no ù in font cmr10!
Missing character: There is no ‚ in font cmr10!
Missing character: There is no Ä in font cmr10!
Missing character: There is no ú in font cmr10!
Missing character: There is no ‚ in font cmr10!
Missing character: There is no Ä in font cmr10!
Missing character: There is no ù in font cmr10!

<Figures/AA10.png, id=1181, 496.10344pt x 287.57437pt>
File: Figures/AA10.png Graphic file (type png)
 <use Figures/AA10.png>
Package pdftex.def Info: Figures/AA10.png used on input line 95.
(pdftex.def)             Requested size: 361.34999pt x 209.46242pt.

[53 <C:/Users/PRITIDEVI/Desktop/Attendance Monitoring System/Figures/AA8.png (P
NG copy)> <C:/Users/PRITIDEVI/Desktop/Attendance Monitoring System/Figures/AA9.
png (PNG copy)>]
Missing character: There is no ‚ in font cmr10!
Missing character: There is no Ä in font cmr10!
Missing character: There is no ú in font cmr10!
Missing character: There is no ‚ in font cmr10!
Missing character: There is no Ä in font cmr10!
Missing character: There is no ù in font cmr10!
Missing character: There is no ‚ in font cmr10!
Missing character: There is no Ä in font cmr10!
Missing character: There is no ú in font cmr10!
Missing character: There is no ‚ in font cmr10!
Missing character: There is no Ä in font cmr10!
Missing character: There is no ù in font cmr10!
 <Figures/AA11.png, id=1187, 496.10344pt x 287.57437pt>
File: Figures/AA11.png Graphic file (type png)

<use Figures/AA11.png>
Package pdftex.def Info: Figures/AA11.png used on input line 104.
(pdftex.def)             Requested size: 289.07999pt x 167.56993pt.
Missing character: There is no ‚ in font cmr10!
Missing character: There is no Ä in font cmr10!
Missing character: There is no ú in font cmr10!
Missing character: There is no ‚ in font cmr10!
Missing character: There is no Ä in font cmr10!
Missing character: There is no ù in font cmr10!
 <Figures/AA12.png, id=1188, 496.10344pt x 287.57437pt>
File: Figures/AA12.png Graphic file (type png)

<use Figures/AA12.png>
Package pdftex.def Info: Figures/AA12.png used on input line 113.
(pdftex.def)             Requested size: 289.07999pt x 167.56993pt.
 [54 <C:/Users/PRITIDEVI/Desktop/Attendance Monitoring System/Figures/AA10.png 
(PNG copy)> <C:/Users/PRITIDEVI/Desktop/Attendance Monitoring System/Figures/AA
11.png (PNG copy)>]
<Figures/AA13.png, id=1193, 496.10344pt x 287.57437pt>
File: Figures/AA13.png Graphic file (type png)
 <use Figures/AA13.png>
Package pdftex.def Info: Figures/AA13.png used on input line 122.
(pdftex.def)             Requested size: 361.34999pt x 209.46242pt.
Missing character: There is no ‚ in font cmr10!
Missing character: There is no Ä in font cmr10!
Missing character: There is no ú in font cmr10!
Missing character: There is no ‚ in font cmr10!
Missing character: There is no Ä in font cmr10!
Missing character: There is no ù in font cmr10!
Missing character: There is no ‚ in font cmr10!
Missing character: There is no Ä in font cmr10!
Missing character: There is no ú in font cmr10!
Missing character: There is no ‚ in font cmr10!
Missing character: There is no Ä in font cmr10!
Missing character: There is no ù in font cmr10!

<Figures/AA14.png, id=1194, 496.10344pt x 287.57437pt>
File: Figures/AA14.png Graphic file (type png)
 <use Figures/AA14.png>
Package pdftex.def Info: Figures/AA14.png used on input line 131.
(pdftex.def)             Requested size: 361.34999pt x 209.46242pt.

[55 <C:/Users/PRITIDEVI/Desktop/Attendance Monitoring System/Figures/AA12.png (
PNG copy)> <C:/Users/PRITIDEVI/Desktop/Attendance Monitoring System/Figures/AA1
3.png (PNG copy)>]
Missing character: There is no ‚ in font cmr10!
Missing character: There is no Ä in font cmr10!
Missing character: There is no ú in font cmr10!
Missing character: There is no ‚ in font cmr10!
Missing character: There is no Ä in font cmr10!
Missing character: There is no ù in font cmr10!
)
("C:\Users\PRITIDEVI\Desktop\Attendance Monitoring System\Chapters\Chapter9.tex
" [56 <C:/Users/PRITIDEVI/Desktop/Attendance Monitoring System/Figures/AA14.png
 (PNG copy)>]
Chapter 9.
------------------------------------------------------------------------------
 9 CONCLUSION
------------------------------------------------------------------------------
) [57

]
------------------------------------------------------------------------------
 Bibliography
------------------------------------------------------------------------------
("C:\Users\PRITIDEVI\Desktop\Attendance Monitoring System\Thesis.bbl"
Missing character: There is no ‚ in font cmr10!
Missing character: There is no Ä in font cmr10!
Missing character: There is no ú in font cmr10!
Missing character: There is no ‚ in font cmr10!
Missing character: There is no Ä in font cmr10!
Missing character: There is no ù in font cmr10!
Missing character: There is no ‚ in font cmr10!
Missing character: There is no Ä in font cmr10!
Missing character: There is no ú in font cmr10!
Missing character: There is no ‚ in font cmr10!
Missing character: There is no Ä in font cmr10!
Missing character: There is no ú in font cmr10!
Missing character: There is no ‚ in font cmr10!
Missing character: There is no Ä in font cmr10!
Missing character: There is no ù in font cmr10!
Missing character: There is no ‚ in font cmr10!
Missing character: There is no Ä in font cmr10!
Missing character: There is no ú in font cmr10!
Missing character: There is no ‚ in font cmr10!
Missing character: There is no Ä in font cmr10!
Missing character: There is no ù in font cmr10!
Missing character: There is no ‚ in font cmti10!
Missing character: There is no Ä in font cmti10!
Missing character: There is no ú in font cmti10!
Missing character: There is no ‚ in font cmti10!
Missing character: There is no Ä in font cmti10!
Missing character: There is no ù in font cmti10!
)
Package atveryend Info: Empty hook `BeforeClearDocument' on input line 172.
 [58


]
Package atveryend Info: Empty hook `AfterLastShipout' on input line 172.

("C:\Users\PRITIDEVI\Desktop\Attendance Monitoring System\Thesis.aux")
Package atveryend Info: Executing hook `AtVeryEndDocument' on input line 172.
Package atveryend Info: Executing hook `AtEndAfterFileList' on input line 172.
Package rerunfilecheck Info: File `Thesis.out' has not changed.
(rerunfilecheck)             Checksum: DB188F95DFFC8C95FD5FBB1009E20406;16806.
Package atveryend Info: Empty hook `AtVeryVeryEnd' on input line 172.
 )
(\end occurred inside a group at level 1)

### simple group (level 1) entered at line 56 ({)
### bottom level 
Here is how much of TeX's memory you used:
 11710 strings out of 494053
 167547 string characters out of 3148591
 338913 words of memory out of 3000000
 14334 multiletter control sequences out of 15000+200000
 12479 words of font info for 46 fonts, out of 3000000 for 9000
 715 hyphenation exceptions out of 8191
 49i,12n,47p,1889b,1918s stack positions out of 5000i,500n,10000p,200000b,50000s
<C:/Program Files/MiKTeX 2.9/fonts/type1/public/amsfonts/cm/cmb
x10.pfb><C:/Program Files/MiKTeX 2.9/fonts/type1/public/amsfonts/cm/cmbx12.pfb>
<C:/Program Files/MiKTeX 2.9/fonts/type1/public/amsfonts/cm/cmcsc10.pfb><C:/Pro
gram Files/MiKTeX 2.9/fonts/type1/public/amsfonts/cm/cmr10.pfb><C:/Program File
s/MiKTeX 2.9/fonts/type1/public/amsfonts/cm/cmr12.pfb><C:/Program Files/MiKTeX 
2.9/fonts/type1/public/amsfonts/cm/cmr17.pfb><C:/Program Files/MiKTeX 2.9/fonts
/type1/public/amsfonts/cm/cmsy10.pfb><C:/Program Files/MiKTeX 2.9/fonts/type1/p
ublic/amsfonts/cm/cmti10.pfb><C:/Program Files/MiKTeX 2.9/fonts/type1/public/am
sfonts/cm/cmti12.pfb><C:/Program Files/MiKTeX 2.9/fonts/type1/public/amsfonts/c
m/cmtt10.pfb>
Output written on Thesis.pdf (66 pages, 3256079 bytes).
PDF statistics:
 1335 PDF objects out of 1440 (max. 8388607)
 428 named destinations out of 1000 (max. 500000)
 884 words of extra memory for PDF output out of 10000 (max. 10000000)

